Determining if the pthread_create exist failed with the following output:
Change Dir: /home/lian/robot_ws/build/CMakeFiles/CMakeTmp

Run Build Command:"/usr/bin/make" "cmTC_923ee/fast"
/usr/bin/make -f CMakeFiles/cmTC_923ee.dir/build.make CMakeFiles/cmTC_923ee.dir/build
make[1]: Entering directory '/home/lian/robot_ws/build/CMakeFiles/CMakeTmp'
Building C object CMakeFiles/cmTC_923ee.dir/CheckSymbolExists.c.o
/usr/bin/cc     -o CMakeFiles/cmTC_923ee.dir/CheckSymbolExists.c.o   -c /home/lian/robot_ws/build/CMakeFiles/CMakeTmp/CheckSymbolExists.c
Linking C executable cmTC_923ee
/usr/bin/cmake -E cmake_link_script CMakeFiles/cmTC_923ee.dir/link.txt --verbose=1
/usr/bin/cc       CMakeFiles/cmTC_923ee.dir/CheckSymbolExists.c.o  -o cmTC_923ee -rdynamic 
CMakeFiles/cmTC_923ee.dir/CheckSymbolExists.c.o: In function `main':
CheckSymbolExists.c:(.text+0x16): undefined reference to `pthread_create'
collect2: error: ld returned 1 exit status
CMakeFiles/cmTC_923ee.dir/build.make:97: recipe for target 'cmTC_923ee' failed
make[1]: *** [cmTC_923ee] Error 1
make[1]: Leaving directory '/home/lian/robot_ws/build/CMakeFiles/CMakeTmp'
Makefile:126: recipe for target 'cmTC_923ee/fast' failed
make: *** [cmTC_923ee/fast] Error 2

File /home/lian/robot_ws/build/CMakeFiles/CMakeTmp/CheckSymbolExists.c:
/* */
#include <pthread.h>

int main(int argc, char** argv)
{
  (void)argv;
#ifndef pthread_create
  return ((int*)(&pthread_create))[argc];
#else
  (void)argc;
  return 0;
#endif
}

Determining if the function pthread_create exists in the pthreads failed with the following output:
Change Dir: /home/lian/robot_ws/build/CMakeFiles/CMakeTmp

Run Build Command:"/usr/bin/make" "cmTC_64b9d/fast"
/usr/bin/make -f CMakeFiles/cmTC_64b9d.dir/build.make CMakeFiles/cmTC_64b9d.dir/build
make[1]: Entering directory '/home/lian/robot_ws/build/CMakeFiles/CMakeTmp'
Building C object CMakeFiles/cmTC_64b9d.dir/CheckFunctionExists.c.o
/usr/bin/cc    -DCHECK_FUNCTION_EXISTS=pthread_create   -o CMakeFiles/cmTC_64b9d.dir/CheckFunctionExists.c.o   -c /usr/share/cmake-3.5/Modules/CheckFunctionExists.c
Linking C executable cmTC_64b9d
/usr/bin/cmake -E cmake_link_script CMakeFiles/cmTC_64b9d.dir/link.txt --verbose=1
/usr/bin/cc   -DCHECK_FUNCTION_EXISTS=pthread_create    CMakeFiles/cmTC_64b9d.dir/CheckFunctionExists.c.o  -o cmTC_64b9d -rdynamic -lpthreads 
/usr/bin/ld: cannot find -lpthreads
collect2: error: ld returned 1 exit status
CMakeFiles/cmTC_64b9d.dir/build.make:97: recipe for target 'cmTC_64b9d' failed
make[1]: *** [cmTC_64b9d] Error 1
make[1]: Leaving directory '/home/lian/robot_ws/build/CMakeFiles/CMakeTmp'
Makefile:126: recipe for target 'cmTC_64b9d/fast' failed
make: *** [cmTC_64b9d/fast] Error 2


Determining if the Q_WS_WIN exist failed with the following output:
Change Dir: /home/lian/robot_ws/build/CMakeFiles/CMakeTmp

Run Build Command:"/usr/bin/make" "cmTC_985b3/fast"
/usr/bin/make -f CMakeFiles/cmTC_985b3.dir/build.make CMakeFiles/cmTC_985b3.dir/build
make[1]: Entering directory '/home/lian/robot_ws/build/CMakeFiles/CMakeTmp'
Building CXX object CMakeFiles/cmTC_985b3.dir/CheckSymbolExists.cxx.o
/usr/bin/c++    -I/usr/include/qt4   -o CMakeFiles/cmTC_985b3.dir/CheckSymbolExists.cxx.o -c /home/lian/robot_ws/build/CMakeFiles/CMakeTmp/CheckSymbolExists.cxx
/home/lian/robot_ws/build/CMakeFiles/CMakeTmp/CheckSymbolExists.cxx: In function ‘int main(int, char**)’:
/home/lian/robot_ws/build/CMakeFiles/CMakeTmp/CheckSymbolExists.cxx:8:19: error: ‘Q_WS_WIN’ was not declared in this scope
   return ((int*)(&Q_WS_WIN))[argc];
                   ^
CMakeFiles/cmTC_985b3.dir/build.make:65: recipe for target 'CMakeFiles/cmTC_985b3.dir/CheckSymbolExists.cxx.o' failed
make[1]: *** [CMakeFiles/cmTC_985b3.dir/CheckSymbolExists.cxx.o] Error 1
make[1]: Leaving directory '/home/lian/robot_ws/build/CMakeFiles/CMakeTmp'
Makefile:126: recipe for target 'cmTC_985b3/fast' failed
make: *** [cmTC_985b3/fast] Error 2

File /home/lian/robot_ws/build/CMakeFiles/CMakeTmp/CheckSymbolExists.cxx:
/* */
#include <QtCore/qglobal.h>

int main(int argc, char** argv)
{
  (void)argv;
#ifndef Q_WS_WIN
  return ((int*)(&Q_WS_WIN))[argc];
#else
  (void)argc;
  return 0;
#endif
}

Determining if the Q_WS_QWS exist failed with the following output:
Change Dir: /home/lian/robot_ws/build/CMakeFiles/CMakeTmp

Run Build Command:"/usr/bin/make" "cmTC_a45f1/fast"
/usr/bin/make -f CMakeFiles/cmTC_a45f1.dir/build.make CMakeFiles/cmTC_a45f1.dir/build
make[1]: Entering directory '/home/lian/robot_ws/build/CMakeFiles/CMakeTmp'
Building CXX object CMakeFiles/cmTC_a45f1.dir/CheckSymbolExists.cxx.o
/usr/bin/c++    -I/usr/include/qt4   -o CMakeFiles/cmTC_a45f1.dir/CheckSymbolExists.cxx.o -c /home/lian/robot_ws/build/CMakeFiles/CMakeTmp/CheckSymbolExists.cxx
/home/lian/robot_ws/build/CMakeFiles/CMakeTmp/CheckSymbolExists.cxx: In function ‘int main(int, char**)’:
/home/lian/robot_ws/build/CMakeFiles/CMakeTmp/CheckSymbolExists.cxx:8:19: error: ‘Q_WS_QWS’ was not declared in this scope
   return ((int*)(&Q_WS_QWS))[argc];
                   ^
CMakeFiles/cmTC_a45f1.dir/build.make:65: recipe for target 'CMakeFiles/cmTC_a45f1.dir/CheckSymbolExists.cxx.o' failed
make[1]: *** [CMakeFiles/cmTC_a45f1.dir/CheckSymbolExists.cxx.o] Error 1
make[1]: Leaving directory '/home/lian/robot_ws/build/CMakeFiles/CMakeTmp'
Makefile:126: recipe for target 'cmTC_a45f1/fast' failed
make: *** [cmTC_a45f1/fast] Error 2

File /home/lian/robot_ws/build/CMakeFiles/CMakeTmp/CheckSymbolExists.cxx:
/* */
#include <QtCore/qglobal.h>

int main(int argc, char** argv)
{
  (void)argv;
#ifndef Q_WS_QWS
  return ((int*)(&Q_WS_QWS))[argc];
#else
  (void)argc;
  return 0;
#endif
}

Determining if the Q_WS_MAC exist failed with the following output:
Change Dir: /home/lian/robot_ws/build/CMakeFiles/CMakeTmp

Run Build Command:"/usr/bin/make" "cmTC_37937/fast"
/usr/bin/make -f CMakeFiles/cmTC_37937.dir/build.make CMakeFiles/cmTC_37937.dir/build
make[1]: Entering directory '/home/lian/robot_ws/build/CMakeFiles/CMakeTmp'
Building CXX object CMakeFiles/cmTC_37937.dir/CheckSymbolExists.cxx.o
/usr/bin/c++    -I/usr/include/qt4   -o CMakeFiles/cmTC_37937.dir/CheckSymbolExists.cxx.o -c /home/lian/robot_ws/build/CMakeFiles/CMakeTmp/CheckSymbolExists.cxx
/home/lian/robot_ws/build/CMakeFiles/CMakeTmp/CheckSymbolExists.cxx: In function ‘int main(int, char**)’:
/home/lian/robot_ws/build/CMakeFiles/CMakeTmp/CheckSymbolExists.cxx:8:19: error: ‘Q_WS_MAC’ was not declared in this scope
   return ((int*)(&Q_WS_MAC))[argc];
                   ^
CMakeFiles/cmTC_37937.dir/build.make:65: recipe for target 'CMakeFiles/cmTC_37937.dir/CheckSymbolExists.cxx.o' failed
make[1]: *** [CMakeFiles/cmTC_37937.dir/CheckSymbolExists.cxx.o] Error 1
make[1]: Leaving directory '/home/lian/robot_ws/build/CMakeFiles/CMakeTmp'
Makefile:126: recipe for target 'cmTC_37937/fast' failed
make: *** [cmTC_37937/fast] Error 2

File /home/lian/robot_ws/build/CMakeFiles/CMakeTmp/CheckSymbolExists.cxx:
/* */
#include <QtCore/qglobal.h>

int main(int argc, char** argv)
{
  (void)argv;
#ifndef Q_WS_MAC
  return ((int*)(&Q_WS_MAC))[argc];
#else
  (void)argc;
  return 0;
#endif
}

